<?xml version="1.0" encoding="UTF-8" standalone="no"?><testsuite errors="1" failures="0" name="Agregar productos" skipped="0" tests="1" time="15.24" timestamp="2025-08-17 07:12:18"><testcase name="Agregar dos productos al carrito de compras"><error message="stale element reference: stale element not found&#10;  (Session info: chrome=139.0.7258.67)&#10;For documentation on this error, please visit: https://selenium.dev/exceptions/#stale_element_reference&#10;Build info: version: '4.4.0', revision: 'e5c75ed026a'&#10;System info: host: 'DESKTOP-IE3FLJR', ip: '192.168.100.186', os.name: 'Windows 11', os.arch: 'amd64', os.version: '10.0', java.version: '23.0.2'&#10;Driver info: org.openqa.selenium.chrome.ChromeDriver&#10;Command: [676250c5fc7398860c01db65a1f25b51, clickElement {id=f.42085BC0B7A8A3E9141203DE33FC1F7E.d.A05F2909861CC4320C501D1A54BF1C95.e.352}]&#10;Capabilities {acceptInsecureCerts: false, browserName: chrome, browserVersion: 139.0.7258.67, chrome: {chromedriverVersion: 139.0.7258.68 (40ff94600b6e..., userDataDir: C:\Users\PC\AppData\Local\T...}, fedcm:accounts: true, goog:chromeOptions: {debuggerAddress: localhost:61235}, networkConnectionEnabled: false, pageLoadStrategy: normal, platformName: WINDOWS, proxy: Proxy(), se:cdp: ws://localhost:61235/devtoo..., se:cdpVersion: 139.0.7258.67, setWindowRect: true, strictFileInteractability: false, timeouts: {implicit: 0, pageLoad: 300000, script: 30000}, unhandledPromptBehavior: dismiss and notify, webauthn:extension:credBlob: true, webauthn:extension:largeBlob: true, webauthn:extension:minPinLength: true, webauthn:extension:prf: true, webauthn:virtualAuthenticators: true}&#10;Element: [[ChromeDriver: chrome on WINDOWS (676250c5fc7398860c01db65a1f25b51)] -&gt; css selector: a[aria-describedby='woocommerce_loop_add_to_cart_link_describedby_4065']]&#10;Session ID: 676250c5fc7398860c01db65a1f25b51" type="org.openqa.selenium.StaleElementReferenceException">stale element reference: stale element not found
  (Session info: chrome=139.0.7258.67)
For documentation on this error, please visit: https://selenium.dev/exceptions/#stale_element_reference
Build info: version: '4.4.0', revision: 'e5c75ed026a'
System info: host: 'DESKTOP-IE3FLJR', ip: '192.168.100.186', os.name: 'Windows 11', os.arch: 'amd64', os.version: '10.0', java.version: '23.0.2'
Driver info: org.openqa.selenium.chrome.ChromeDriver
Command: [676250c5fc7398860c01db65a1f25b51, clickElement {id=f.42085BC0B7A8A3E9141203DE33FC1F7E.d.A05F2909861CC4320C501D1A54BF1C95.e.352}]
Capabilities {acceptInsecureCerts: false, browserName: chrome, browserVersion: 139.0.7258.67, chrome: {chromedriverVersion: 139.0.7258.68 (40ff94600b6e..., userDataDir: C:\Users\PC\AppData\Local\T...}, fedcm:accounts: true, goog:chromeOptions: {debuggerAddress: localhost:61235}, networkConnectionEnabled: false, pageLoadStrategy: normal, platformName: WINDOWS, proxy: Proxy(), se:cdp: ws://localhost:61235/devtoo..., se:cdpVersion: 139.0.7258.67, setWindowRect: true, strictFileInteractability: false, timeouts: {implicit: 0, pageLoad: 300000, script: 30000}, unhandledPromptBehavior: dismiss and notify, webauthn:extension:credBlob: true, webauthn:extension:largeBlob: true, webauthn:extension:minPinLength: true, webauthn:extension:prf: true, webauthn:virtualAuthenticators: true}
Element: [[ChromeDriver: chrome on WINDOWS (676250c5fc7398860c01db65a1f25b51)] -&gt; css selector: a[aria-describedby='woocommerce_loop_add_to_cart_link_describedby_4065']]
Session ID: 676250c5fc7398860c01db65a1f25b51</error><system-err>stale element reference: stale element not found
  (Session info: chrome=139.0.7258.67)
For documentation on this error, please visit: https://selenium.dev/exceptions/#stale_element_reference
Build info: version: '4.4.0', revision: 'e5c75ed026a'
System info: host: 'DESKTOP-IE3FLJR', ip: '192.168.100.186', os.name: 'Windows 11', os.arch: 'amd64', os.version: '10.0', java.version: '23.0.2'
Driver info: org.openqa.selenium.chrome.ChromeDriver
Command: [676250c5fc7398860c01db65a1f25b51, clickElement {id=f.42085BC0B7A8A3E9141203DE33FC1F7E.d.A05F2909861CC4320C501D1A54BF1C95.e.352}]
Capabilities {acceptInsecureCerts: false, browserName: chrome, browserVersion: 139.0.7258.67, chrome: {chromedriverVersion: 139.0.7258.68 (40ff94600b6e..., userDataDir: C:\Users\PC\AppData\Local\T...}, fedcm:accounts: true, goog:chromeOptions: {debuggerAddress: localhost:61235}, networkConnectionEnabled: false, pageLoadStrategy: normal, platformName: WINDOWS, proxy: Proxy(), se:cdp: ws://localhost:61235/devtoo..., se:cdpVersion: 139.0.7258.67, setWindowRect: true, strictFileInteractability: false, timeouts: {implicit: 0, pageLoad: 300000, script: 30000}, unhandledPromptBehavior: dismiss and notify, webauthn:extension:credBlob: true, webauthn:extension:largeBlob: true, webauthn:extension:minPinLength: true, webauthn:extension:prf: true, webauthn:virtualAuthenticators: true}
Element: [[ChromeDriver: chrome on WINDOWS (676250c5fc7398860c01db65a1f25b51)] -&gt; css selector: a[aria-describedby='woocommerce_loop_add_to_cart_link_describedby_4065']]
Session ID: 676250c5fc7398860c01db65a1f25b51&#13;
tasks.SeleccionarProducto.performAs(SeleccionarProducto.java:46)&#13;
stepdefinitions.Caso1.elUsuarioAgregaProducto(Caso1.java:56)&#13;
io.cucumber.java.Invoker.doInvoke(Invoker.java:66)&#13;
io.cucumber.java.Invoker.invoke(Invoker.java:24)&#13;
io.cucumber.java.AbstractGlueDefinition.invokeMethod(AbstractGlueDefinition.java:47)&#13;
io.cucumber.java.JavaStepDefinition.execute(JavaStepDefinition.java:29)&#13;
io.cucumber.core.runner.CoreStepDefinition.execute(CoreStepDefinition.java:66)&#13;
io.cucumber.core.runner.PickleStepDefinitionMatch.runStep(PickleStepDefinitionMatch.java:63)&#13;
io.cucumber.core.runner.TestStep.executeStep(TestStep.java:85)&#13;
io.cucumber.core.runner.TestStep.run(TestStep.java:57)&#13;
io.cucumber.core.runner.PickleStepTestStep.run(PickleStepTestStep.java:51)&#13;
io.cucumber.core.runner.TestCase.run(TestCase.java:84)&#13;
io.cucumber.core.runner.Runner.runPickle(Runner.java:75)&#13;
io.cucumber.core.runtime.CucumberExecutionContext.lambda$runTestCase$5(CucumberExecutionContext.java:129)&#13;
io.cucumber.core.runtime.RethrowingThrowableCollector.executeAndThrow(RethrowingThrowableCollector.java:23)&#13;
io.cucumber.core.runtime.CucumberExecutionContext.runTestCase(CucumberExecutionContext.java:129)&#13;
io.cucumber.junit.FeatureRunner.runChild(FeatureRunner.java:144)&#13;
io.cucumber.junit.FeatureRunner.runChild(FeatureRunner.java:28)&#13;
io.cucumber.junit.FeatureRunner.run(FeatureRunner.java:137)&#13;
io.cucumber.junit.CucumberSerenityRunner.runChild(CucumberSerenityRunner.java:259)&#13;
io.cucumber.junit.CucumberSerenityRunner.runChild(CucumberSerenityRunner.java:59)&#13;
worker.org.gradle.process.internal.worker.GradleWorkerMain.run(GradleWorkerMain.java:69)&#13;
worker.org.gradle.process.internal.worker.GradleWorkerMain.main(GradleWorkerMain.java:74)&#13;
</system-err></testcase></testsuite>